<?xml version="1.0" encoding="UTF-8"?>
<testng-results skipped="0" failed="3" total="33" passed="30">
  <reporter-output>
  </reporter-output>
  <suite name="Command line suite" duration-ms="2049449" started-at="2020-03-11T11:49:53Z" finished-at="2020-03-11T12:24:03Z">
    <groups>
    </groups>
    <test name="Command line test" duration-ms="2049449" started-at="2020-03-11T11:49:53Z" finished-at="2020-03-11T12:24:03Z">
      <class name="com.shopcart.qa.testcases.TC_E_CustomerPageTest">
        <test-method status="PASS" signature="setUp()[pri:0, instance:com.shopcart.qa.testcases.TC_E_CustomerPageTest@6f7fd0e6]" name="setUp" is-config="true" duration-ms="48320" started-at="2020-03-11T17:24:06Z" finished-at="2020-03-11T17:24:54Z">
          <reporter-output>
          </reporter-output>
        </test-method> <!-- setUp -->
        <test-method status="PASS" signature="validateCustomerData(java.lang.String, java.lang.String, java.lang.String, java.lang.String)[pri:0, instance:com.shopcart.qa.testcases.TC_E_CustomerPageTest@6f7fd0e6]" name="validateCustomerData" duration-ms="16568" started-at="2020-03-11T17:24:54Z" data-provider="getData" finished-at="2020-03-11T17:25:11Z">
          <params>
            <param index="0">
              <value>
                <![CDATA[Ashu]]>
              </value>
            </param>
            <param index="1">
              <value>
                <![CDATA[s]]>
              </value>
            </param>
            <param index="2">
              <value>
                <![CDATA[as@gmail.com]]>
              </value>
            </param>
            <param index="3">
              <value>
                <![CDATA[password]]>
              </value>
            </param>
          </params>
          <reporter-output>
          </reporter-output>
        </test-method> <!-- validateCustomerData -->
        <test-method status="PASS" signature="ExitPath()[pri:0, instance:com.shopcart.qa.testcases.TC_E_CustomerPageTest@6f7fd0e6]" name="ExitPath" is-config="true" duration-ms="1628" started-at="2020-03-11T17:25:11Z" finished-at="2020-03-11T17:25:12Z">
          <reporter-output>
          </reporter-output>
        </test-method> <!-- ExitPath -->
        <test-method status="PASS" signature="setUp()[pri:0, instance:com.shopcart.qa.testcases.TC_E_CustomerPageTest@6f7fd0e6]" name="setUp" is-config="true" duration-ms="73385" started-at="2020-03-11T17:25:12Z" finished-at="2020-03-11T17:26:26Z">
          <reporter-output>
          </reporter-output>
        </test-method> <!-- setUp -->
        <test-method status="FAIL" signature="validateCustomerData(java.lang.String, java.lang.String, java.lang.String, java.lang.String)[pri:0, instance:com.shopcart.qa.testcases.TC_E_CustomerPageTest@6f7fd0e6]" name="validateCustomerData" duration-ms="62681" started-at="2020-03-11T17:26:26Z" data-provider="getData" finished-at="2020-03-11T17:27:28Z">
          <params>
            <param index="0">
              <value>
                <![CDATA[Akash]]>
              </value>
            </param>
            <param index="1">
              <value>
                <![CDATA[v]]>
              </value>
            </param>
            <param index="2">
              <value>
                <![CDATA[av@gmail.com]]>
              </value>
            </param>
            <param index="3">
              <value>
                <![CDATA[password]]>
              </value>
            </param>
          </params>
          <exception class="org.openqa.selenium.NoSuchElementException">
            <message>
              <![CDATA[no such element: Unable to locate element: {"method":"xpath","selector":"//*[@id='page-header-desc-customer-new_customer']"}
  (Session info: chrome=80.0.3987.132)
For documentation on this error, please visit: https://www.seleniumhq.org/exceptions/no_such_element.html
Build info: version: '3.141.59', revision: 'e82be7d358', time: '2018-11-14T08:17:03'
System info: host: 'LAPTOP-5E3MODR9', ip: '192.168.0.103', os.name: 'Windows 10', os.arch: 'amd64', os.version: '10.0', java.version: '1.8.0_152'
Driver info: org.openqa.selenium.chrome.ChromeDriver
Capabilities {acceptInsecureCerts: false, browserName: chrome, browserVersion: 80.0.3987.132, chrome: {chromedriverVersion: 79.0.3945.36 (3582db32b3389..., userDataDir: C:\WINDOWS\TEMP\scoped_dir9...}, goog:chromeOptions: {debuggerAddress: localhost:56203}, javascriptEnabled: true, networkConnectionEnabled: false, pageLoadStrategy: normal, platform: WINDOWS, platformName: WINDOWS, proxy: Proxy(), setWindowRect: true, strictFileInteractability: false, timeouts: {implicit: 0, pageLoad: 300000, script: 30000}, unhandledPromptBehavior: dismiss and notify}
Session ID: 6f5363a106e48219bc84c0623deed4fc
*** Element info: {Using=xpath, value=//*[@id='page-header-desc-customer-new_customer']}]]>
            </message>
            <full-stacktrace>
              <![CDATA[org.openqa.selenium.NoSuchElementException: no such element: Unable to locate element: {"method":"xpath","selector":"//*[@id='page-header-desc-customer-new_customer']"}
  (Session info: chrome=80.0.3987.132)
For documentation on this error, please visit: https://www.seleniumhq.org/exceptions/no_such_element.html
Build info: version: '3.141.59', revision: 'e82be7d358', time: '2018-11-14T08:17:03'
System info: host: 'LAPTOP-5E3MODR9', ip: '192.168.0.103', os.name: 'Windows 10', os.arch: 'amd64', os.version: '10.0', java.version: '1.8.0_152'
Driver info: org.openqa.selenium.chrome.ChromeDriver
Capabilities {acceptInsecureCerts: false, browserName: chrome, browserVersion: 80.0.3987.132, chrome: {chromedriverVersion: 79.0.3945.36 (3582db32b3389..., userDataDir: C:\WINDOWS\TEMP\scoped_dir9...}, goog:chromeOptions: {debuggerAddress: localhost:56203}, javascriptEnabled: true, networkConnectionEnabled: false, pageLoadStrategy: normal, platform: WINDOWS, platformName: WINDOWS, proxy: Proxy(), setWindowRect: true, strictFileInteractability: false, timeouts: {implicit: 0, pageLoad: 300000, script: 30000}, unhandledPromptBehavior: dismiss and notify}
Session ID: 6f5363a106e48219bc84c0623deed4fc
*** Element info: {Using=xpath, value=//*[@id='page-header-desc-customer-new_customer']}
	at sun.reflect.NativeConstructorAccessorImpl.newInstance0(Native Method)
	at sun.reflect.NativeConstructorAccessorImpl.newInstance(NativeConstructorAccessorImpl.java:62)
	at sun.reflect.DelegatingConstructorAccessorImpl.newInstance(DelegatingConstructorAccessorImpl.java:45)
	at java.lang.reflect.Constructor.newInstance(Constructor.java:423)
	at org.openqa.selenium.remote.http.W3CHttpResponseCodec.createException(W3CHttpResponseCodec.java:187)
	at org.openqa.selenium.remote.http.W3CHttpResponseCodec.decode(W3CHttpResponseCodec.java:122)
	at org.openqa.selenium.remote.http.W3CHttpResponseCodec.decode(W3CHttpResponseCodec.java:49)
	at org.openqa.selenium.remote.HttpCommandExecutor.execute(HttpCommandExecutor.java:158)
	at org.openqa.selenium.remote.service.DriverCommandExecutor.execute(DriverCommandExecutor.java:83)
	at org.openqa.selenium.remote.RemoteWebDriver.execute(RemoteWebDriver.java:552)
	at org.openqa.selenium.remote.RemoteWebDriver.findElement(RemoteWebDriver.java:323)
	at org.openqa.selenium.remote.RemoteWebDriver.findElementByXPath(RemoteWebDriver.java:428)
	at org.openqa.selenium.By$ByXPath.findElement(By.java:353)
	at org.openqa.selenium.remote.RemoteWebDriver.findElement(RemoteWebDriver.java:315)
	at com.shopcart.qa.pages.CustomerPage.addNewCustomerFromExcel(CustomerPage.java:48)
	at com.shopcart.qa.testcases.TC_E_CustomerPageTest.validateCustomerData(TC_E_CustomerPageTest.java:44)
	at sun.reflect.NativeMethodAccessorImpl.invoke0(Native Method)
	at sun.reflect.NativeMethodAccessorImpl.invoke(NativeMethodAccessorImpl.java:62)
	at sun.reflect.DelegatingMethodAccessorImpl.invoke(DelegatingMethodAccessorImpl.java:43)
	at java.lang.reflect.Method.invoke(Method.java:498)
	at org.testng.internal.MethodInvocationHelper.invokeMethod(MethodInvocationHelper.java:80)
	at org.testng.internal.Invoker.invokeMethod(Invoker.java:714)
	at org.testng.internal.Invoker.invokeTestMethod(Invoker.java:901)
	at org.testng.internal.Invoker.invokeTestMethods(Invoker.java:1231)
	at org.testng.internal.TestMethodWorker.invokeTestMethods(TestMethodWorker.java:127)
	at org.testng.internal.TestMethodWorker.run(TestMethodWorker.java:111)
	at org.testng.TestRunner.privateRun(TestRunner.java:767)
	at org.testng.TestRunner.run(TestRunner.java:617)
	at org.testng.SuiteRunner.runTest(SuiteRunner.java:334)
	at org.testng.SuiteRunner.runSequentially(SuiteRunner.java:329)
	at org.testng.SuiteRunner.privateRun(SuiteRunner.java:291)
	at org.testng.SuiteRunner.run(SuiteRunner.java:240)
	at org.testng.SuiteRunnerWorker.runSuite(SuiteRunnerWorker.java:52)
	at org.testng.SuiteRunnerWorker.run(SuiteRunnerWorker.java:86)
	at org.testng.TestNG.runSuitesSequentially(TestNG.java:1198)
	at org.testng.TestNG.runSuitesLocally(TestNG.java:1123)
	at org.testng.TestNG.run(TestNG.java:1031)
	at org.apache.maven.surefire.testng.TestNGExecutor.run(TestNGExecutor.java:77)
	at org.apache.maven.surefire.testng.TestNGDirectoryTestSuite.executeMulti(TestNGDirectoryTestSuite.java:159)
	at org.apache.maven.surefire.testng.TestNGDirectoryTestSuite.execute(TestNGDirectoryTestSuite.java:99)
	at org.apache.maven.surefire.testng.TestNGProvider.invoke(TestNGProvider.java:106)
	at sun.reflect.NativeMethodAccessorImpl.invoke0(Native Method)
	at sun.reflect.NativeMethodAccessorImpl.invoke(NativeMethodAccessorImpl.java:62)
	at sun.reflect.DelegatingMethodAccessorImpl.invoke(DelegatingMethodAccessorImpl.java:43)
	at java.lang.reflect.Method.invoke(Method.java:498)
	at org.apache.maven.surefire.util.ReflectionUtils.invokeMethodWithArray(ReflectionUtils.java:189)
	at org.apache.maven.surefire.booter.ProviderFactory$ProviderProxy.invoke(ProviderFactory.java:165)
	at org.apache.maven.surefire.booter.ProviderFactory.invokeProvider(ProviderFactory.java:85)
	at org.apache.maven.surefire.booter.ForkedBooter.runSuitesInProcess(ForkedBooter.java:115)
	at org.apache.maven.surefire.booter.ForkedBooter.main(ForkedBooter.java:75)
]]>
            </full-stacktrace>
          </exception> <!-- org.openqa.selenium.NoSuchElementException -->
          <reporter-output>
          </reporter-output>
        </test-method> <!-- validateCustomerData -->
        <test-method status="PASS" signature="ExitPath()[pri:0, instance:com.shopcart.qa.testcases.TC_E_CustomerPageTest@6f7fd0e6]" name="ExitPath" is-config="true" duration-ms="1378" started-at="2020-03-11T17:27:29Z" finished-at="2020-03-11T17:27:30Z">
          <reporter-output>
          </reporter-output>
        </test-method> <!-- ExitPath -->
        <test-method status="PASS" signature="setUp()[pri:0, instance:com.shopcart.qa.testcases.TC_E_CustomerPageTest@6f7fd0e6]" name="setUp" is-config="true" duration-ms="15338" started-at="2020-03-11T17:27:30Z" finished-at="2020-03-11T17:27:45Z">
          <reporter-output>
          </reporter-output>
        </test-method> <!-- setUp -->
        <test-method status="PASS" signature="validateCustomerData(java.lang.String, java.lang.String, java.lang.String, java.lang.String)[pri:0, instance:com.shopcart.qa.testcases.TC_E_CustomerPageTest@6f7fd0e6]" name="validateCustomerData" duration-ms="12735" started-at="2020-03-11T17:27:45Z" data-provider="getData" finished-at="2020-03-11T17:27:58Z">
          <params>
            <param index="0">
              <value>
                <![CDATA[Shubham]]>
              </value>
            </param>
            <param index="1">
              <value>
                <![CDATA[p]]>
              </value>
            </param>
            <param index="2">
              <value>
                <![CDATA[sp@gmail.com]]>
              </value>
            </param>
            <param index="3">
              <value>
                <![CDATA[password]]>
              </value>
            </param>
          </params>
          <reporter-output>
          </reporter-output>
        </test-method> <!-- validateCustomerData -->
        <test-method status="PASS" signature="ExitPath()[pri:0, instance:com.shopcart.qa.testcases.TC_E_CustomerPageTest@6f7fd0e6]" name="ExitPath" is-config="true" duration-ms="1153" started-at="2020-03-11T17:27:58Z" finished-at="2020-03-11T17:27:59Z">
          <reporter-output>
          </reporter-output>
        </test-method> <!-- ExitPath -->
        <test-method status="PASS" signature="setUp()[pri:0, instance:com.shopcart.qa.testcases.TC_E_CustomerPageTest@6f7fd0e6]" name="setUp" is-config="true" duration-ms="44134" started-at="2020-03-11T17:27:59Z" finished-at="2020-03-11T17:28:43Z">
          <reporter-output>
          </reporter-output>
        </test-method> <!-- setUp -->
        <test-method status="PASS" signature="validateCustomerData(java.lang.String, java.lang.String, java.lang.String, java.lang.String)[pri:0, instance:com.shopcart.qa.testcases.TC_E_CustomerPageTest@6f7fd0e6]" name="validateCustomerData" duration-ms="11652" started-at="2020-03-11T17:28:43Z" data-provider="getData" finished-at="2020-03-11T17:28:55Z">
          <params>
            <param index="0">
              <value>
                <![CDATA[Abhi]]>
              </value>
            </param>
            <param index="1">
              <value>
                <![CDATA[k]]>
              </value>
            </param>
            <param index="2">
              <value>
                <![CDATA[ak]]>
              </value>
            </param>
            <param index="3">
              <value>
                <![CDATA[password]]>
              </value>
            </param>
          </params>
          <reporter-output>
          </reporter-output>
        </test-method> <!-- validateCustomerData -->
        <test-method status="PASS" signature="ExitPath()[pri:0, instance:com.shopcart.qa.testcases.TC_E_CustomerPageTest@6f7fd0e6]" name="ExitPath" is-config="true" duration-ms="2943" started-at="2020-03-11T17:28:55Z" finished-at="2020-03-11T17:28:58Z">
          <reporter-output>
          </reporter-output>
        </test-method> <!-- ExitPath -->
        <test-method status="PASS" signature="setUp()[pri:0, instance:com.shopcart.qa.testcases.TC_E_CustomerPageTest@6f7fd0e6]" name="setUp" is-config="true" duration-ms="55729" started-at="2020-03-11T17:32:04Z" finished-at="2020-03-11T17:33:00Z">
          <reporter-output>
          </reporter-output>
        </test-method> <!-- setUp -->
        <test-method status="PASS" signature="ValidatAddressesTest()[pri:0, instance:com.shopcart.qa.testcases.TC_E_CustomerPageTest@6f7fd0e6]" name="ValidatAddressesTest" duration-ms="28414" started-at="2020-03-11T17:33:00Z" finished-at="2020-03-11T17:33:28Z">
          <reporter-output>
          </reporter-output>
        </test-method> <!-- ValidatAddressesTest -->
        <test-method status="PASS" signature="ExitPath()[pri:0, instance:com.shopcart.qa.testcases.TC_E_CustomerPageTest@6f7fd0e6]" name="ExitPath" is-config="true" duration-ms="2219" started-at="2020-03-11T17:33:28Z" finished-at="2020-03-11T17:33:31Z">
          <reporter-output>
          </reporter-output>
        </test-method> <!-- ExitPath -->
        <test-method status="PASS" signature="setUp()[pri:0, instance:com.shopcart.qa.testcases.TC_E_CustomerPageTest@6f7fd0e6]" name="setUp" is-config="true" duration-ms="50462" started-at="2020-03-11T17:37:11Z" finished-at="2020-03-11T17:38:02Z">
          <reporter-output>
          </reporter-output>
        </test-method> <!-- setUp -->
        <test-method status="PASS" signature="ValidatGroupsTest()[pri:0, instance:com.shopcart.qa.testcases.TC_E_CustomerPageTest@6f7fd0e6]" name="ValidatGroupsTest" duration-ms="12124" started-at="2020-03-11T17:38:02Z" finished-at="2020-03-11T17:38:14Z">
          <reporter-output>
          </reporter-output>
        </test-method> <!-- ValidatGroupsTest -->
        <test-method status="PASS" signature="ExitPath()[pri:0, instance:com.shopcart.qa.testcases.TC_E_CustomerPageTest@6f7fd0e6]" name="ExitPath" is-config="true" duration-ms="3070" started-at="2020-03-11T17:38:14Z" finished-at="2020-03-11T17:38:17Z">
          <reporter-output>
          </reporter-output>
        </test-method> <!-- ExitPath -->
        <test-method status="PASS" signature="setUp()[pri:0, instance:com.shopcart.qa.testcases.TC_E_CustomerPageTest@6f7fd0e6]" name="setUp" is-config="true" duration-ms="45724" started-at="2020-03-11T17:41:18Z" finished-at="2020-03-11T17:42:04Z">
          <reporter-output>
          </reporter-output>
        </test-method> <!-- setUp -->
        <test-method status="PASS" signature="ValidatShippingCartsTest()[pri:0, instance:com.shopcart.qa.testcases.TC_E_CustomerPageTest@6f7fd0e6]" name="ValidatShippingCartsTest" duration-ms="9453" started-at="2020-03-11T17:42:04Z" finished-at="2020-03-11T17:42:13Z">
          <reporter-output>
          </reporter-output>
        </test-method> <!-- ValidatShippingCartsTest -->
        <test-method status="PASS" signature="ExitPath()[pri:0, instance:com.shopcart.qa.testcases.TC_E_CustomerPageTest@6f7fd0e6]" name="ExitPath" is-config="true" duration-ms="2485" started-at="2020-03-11T17:42:13Z" finished-at="2020-03-11T17:42:15Z">
          <reporter-output>
          </reporter-output>
        </test-method> <!-- ExitPath -->
        <test-method status="PASS" signature="setUp()[pri:0, instance:com.shopcart.qa.testcases.TC_E_CustomerPageTest@6f7fd0e6]" name="setUp" is-config="true" duration-ms="56196" started-at="2020-03-11T17:43:14Z" finished-at="2020-03-11T17:44:10Z">
          <reporter-output>
          </reporter-output>
        </test-method> <!-- setUp -->
        <test-method status="PASS" signature="ValidatCustomerServicesTest()[pri:0, instance:com.shopcart.qa.testcases.TC_E_CustomerPageTest@6f7fd0e6]" name="ValidatCustomerServicesTest" duration-ms="24688" started-at="2020-03-11T17:44:10Z" finished-at="2020-03-11T17:44:35Z">
          <reporter-output>
          </reporter-output>
        </test-method> <!-- ValidatCustomerServicesTest -->
        <test-method status="PASS" signature="ExitPath()[pri:0, instance:com.shopcart.qa.testcases.TC_E_CustomerPageTest@6f7fd0e6]" name="ExitPath" is-config="true" duration-ms="1312" started-at="2020-03-11T17:44:35Z" finished-at="2020-03-11T17:44:36Z">
          <reporter-output>
          </reporter-output>
        </test-method> <!-- ExitPath -->
        <test-method status="PASS" signature="setUp()[pri:0, instance:com.shopcart.qa.testcases.TC_E_CustomerPageTest@6f7fd0e6]" name="setUp" is-config="true" duration-ms="13319" started-at="2020-03-11T17:46:10Z" finished-at="2020-03-11T17:46:23Z">
          <reporter-output>
          </reporter-output>
        </test-method> <!-- setUp -->
        <test-method status="PASS" signature="ValidatContactsTest()[pri:0, instance:com.shopcart.qa.testcases.TC_E_CustomerPageTest@6f7fd0e6]" name="ValidatContactsTest" duration-ms="7123" started-at="2020-03-11T17:46:23Z" finished-at="2020-03-11T17:46:30Z">
          <reporter-output>
          </reporter-output>
        </test-method> <!-- ValidatContactsTest -->
        <test-method status="PASS" signature="ExitPath()[pri:0, instance:com.shopcart.qa.testcases.TC_E_CustomerPageTest@6f7fd0e6]" name="ExitPath" is-config="true" duration-ms="1398" started-at="2020-03-11T17:46:30Z" finished-at="2020-03-11T17:46:32Z">
          <reporter-output>
          </reporter-output>
        </test-method> <!-- ExitPath -->
        <test-method status="PASS" signature="setUp()[pri:0, instance:com.shopcart.qa.testcases.TC_E_CustomerPageTest@6f7fd0e6]" name="setUp" is-config="true" duration-ms="18750" started-at="2020-03-11T17:51:16Z" finished-at="2020-03-11T17:51:34Z">
          <reporter-output>
          </reporter-output>
        </test-method> <!-- setUp -->
        <test-method status="PASS" signature="validatTittlesTest()[pri:0, instance:com.shopcart.qa.testcases.TC_E_CustomerPageTest@6f7fd0e6]" name="validatTittlesTest" duration-ms="7574" started-at="2020-03-11T17:51:34Z" finished-at="2020-03-11T17:51:42Z">
          <reporter-output>
          </reporter-output>
        </test-method> <!-- validatTittlesTest -->
        <test-method status="PASS" signature="ExitPath()[pri:0, instance:com.shopcart.qa.testcases.TC_E_CustomerPageTest@6f7fd0e6]" name="ExitPath" is-config="true" duration-ms="757" started-at="2020-03-11T17:51:42Z" finished-at="2020-03-11T17:51:43Z">
          <reporter-output>
          </reporter-output>
        </test-method> <!-- ExitPath -->
      </class> <!-- com.shopcart.qa.testcases.TC_E_CustomerPageTest -->
      <class name="com.shopcart.qa.testcases.TC_A_LoginPageTest">
        <test-method status="PASS" signature="setUp()[pri:0, instance:com.shopcart.qa.testcases.TC_A_LoginPageTest@59fa1d9b]" name="setUp" is-config="true" duration-ms="65071" started-at="2020-03-11T17:19:53Z" finished-at="2020-03-11T17:20:58Z">
          <reporter-output>
          </reporter-output>
        </test-method> <!-- setUp -->
        <test-method status="PASS" signature="loginTest()[pri:0, instance:com.shopcart.qa.testcases.TC_A_LoginPageTest@59fa1d9b]" name="loginTest" duration-ms="42350" started-at="2020-03-11T17:20:58Z" finished-at="2020-03-11T17:21:41Z">
          <reporter-output>
          </reporter-output>
        </test-method> <!-- loginTest -->
        <test-method status="PASS" signature="tearDown()[pri:0, instance:com.shopcart.qa.testcases.TC_A_LoginPageTest@59fa1d9b]" name="tearDown" is-config="true" duration-ms="3217" started-at="2020-03-11T17:21:41Z" finished-at="2020-03-11T17:21:44Z">
          <reporter-output>
          </reporter-output>
        </test-method> <!-- tearDown -->
        <test-method status="PASS" signature="setUp()[pri:0, instance:com.shopcart.qa.testcases.TC_A_LoginPageTest@59fa1d9b]" name="setUp" is-config="true" duration-ms="20143" started-at="2020-03-11T17:28:58Z" finished-at="2020-03-11T17:29:18Z">
          <reporter-output>
          </reporter-output>
        </test-method> <!-- setUp -->
        <test-method status="PASS" signature="loginPageTitleTest()[pri:0, instance:com.shopcart.qa.testcases.TC_A_LoginPageTest@59fa1d9b]" name="loginPageTitleTest" duration-ms="638" started-at="2020-03-11T17:29:18Z" finished-at="2020-03-11T17:29:19Z">
          <reporter-output>
          </reporter-output>
        </test-method> <!-- loginPageTitleTest -->
        <test-method status="PASS" signature="tearDown()[pri:0, instance:com.shopcart.qa.testcases.TC_A_LoginPageTest@59fa1d9b]" name="tearDown" is-config="true" duration-ms="4676" started-at="2020-03-11T17:29:19Z" finished-at="2020-03-11T17:29:23Z">
          <reporter-output>
          </reporter-output>
        </test-method> <!-- tearDown -->
        <test-method status="PASS" signature="setUp()[pri:0, instance:com.shopcart.qa.testcases.TC_A_LoginPageTest@59fa1d9b]" name="setUp" is-config="true" duration-ms="22407" started-at="2020-03-11T17:33:31Z" finished-at="2020-03-11T17:33:53Z">
          <reporter-output>
          </reporter-output>
        </test-method> <!-- setUp -->
        <test-method status="PASS" signature="ShoplogoImg()[pri:0, instance:com.shopcart.qa.testcases.TC_A_LoginPageTest@59fa1d9b]" name="ShoplogoImg" duration-ms="2991" started-at="2020-03-11T17:33:53Z" finished-at="2020-03-11T17:33:56Z">
          <reporter-output>
          </reporter-output>
        </test-method> <!-- ShoplogoImg -->
        <test-method status="PASS" signature="tearDown()[pri:0, instance:com.shopcart.qa.testcases.TC_A_LoginPageTest@59fa1d9b]" name="tearDown" is-config="true" duration-ms="4723" started-at="2020-03-11T17:33:56Z" finished-at="2020-03-11T17:34:01Z">
          <reporter-output>
          </reporter-output>
        </test-method> <!-- tearDown -->
        <test-method status="PASS" signature="setUp()[pri:0, instance:com.shopcart.qa.testcases.TC_A_LoginPageTest@59fa1d9b]" name="setUp" is-config="true" duration-ms="27742" started-at="2020-03-11T17:38:17Z" finished-at="2020-03-11T17:38:45Z">
          <reporter-output>
          </reporter-output>
        </test-method> <!-- setUp -->
        <test-method status="PASS" signature="ShopVersionTest()[pri:0, instance:com.shopcart.qa.testcases.TC_A_LoginPageTest@59fa1d9b]" name="ShopVersionTest" duration-ms="2006" started-at="2020-03-11T17:38:45Z" finished-at="2020-03-11T17:38:47Z">
          <reporter-output>
          </reporter-output>
        </test-method> <!-- ShopVersionTest -->
        <test-method status="PASS" signature="tearDown()[pri:0, instance:com.shopcart.qa.testcases.TC_A_LoginPageTest@59fa1d9b]" name="tearDown" is-config="true" duration-ms="4567" started-at="2020-03-11T17:38:47Z" finished-at="2020-03-11T17:38:51Z">
          <reporter-output>
          </reporter-output>
        </test-method> <!-- tearDown -->
        <test-method status="PASS" signature="setUp()[pri:0, instance:com.shopcart.qa.testcases.TC_A_LoginPageTest@59fa1d9b]" name="setUp" is-config="true" duration-ms="14189" started-at="2020-03-11T17:42:15Z" finished-at="2020-03-11T17:42:30Z">
          <reporter-output>
          </reporter-output>
        </test-method> <!-- setUp -->
        <test-method status="PASS" signature="ShopcartImgTest()[pri:0, instance:com.shopcart.qa.testcases.TC_A_LoginPageTest@59fa1d9b]" name="ShopcartImgTest" duration-ms="97" started-at="2020-03-11T17:42:30Z" finished-at="2020-03-11T17:42:30Z">
          <reporter-output>
          </reporter-output>
        </test-method> <!-- ShopcartImgTest -->
        <test-method status="PASS" signature="tearDown()[pri:0, instance:com.shopcart.qa.testcases.TC_A_LoginPageTest@59fa1d9b]" name="tearDown" is-config="true" duration-ms="325" started-at="2020-03-11T17:42:30Z" finished-at="2020-03-11T17:42:30Z">
          <reporter-output>
          </reporter-output>
        </test-method> <!-- tearDown -->
        <test-method status="PASS" signature="setUp()[pri:0, instance:com.shopcart.qa.testcases.TC_A_LoginPageTest@59fa1d9b]" name="setUp" is-config="true" duration-ms="18140" started-at="2020-03-11T17:44:36Z" finished-at="2020-03-11T17:44:54Z">
          <reporter-output>
          </reporter-output>
        </test-method> <!-- setUp -->
        <test-method status="PASS" signature="HomePage()[pri:0, instance:com.shopcart.qa.testcases.TC_A_LoginPageTest@59fa1d9b]" name="HomePage" duration-ms="0" started-at="2020-03-11T17:44:54Z" finished-at="2020-03-11T17:44:54Z">
          <reporter-output>
          </reporter-output>
        </test-method> <!-- HomePage -->
        <test-method status="PASS" signature="tearDown()[pri:0, instance:com.shopcart.qa.testcases.TC_A_LoginPageTest@59fa1d9b]" name="tearDown" is-config="true" duration-ms="4514" started-at="2020-03-11T17:44:54Z" finished-at="2020-03-11T17:44:59Z">
          <reporter-output>
          </reporter-output>
        </test-method> <!-- tearDown -->
      </class> <!-- com.shopcart.qa.testcases.TC_A_LoginPageTest -->
      <class name="com.shopcart.qa.testcases.TC_D_OrdersPageTest">
        <test-method status="PASS" signature="setUp()[pri:0, instance:com.shopcart.qa.testcases.TC_D_OrdersPageTest@3e6fa38a]" name="setUp" is-config="true" duration-ms="18037" started-at="2020-03-11T17:23:26Z" finished-at="2020-03-11T17:23:44Z">
          <reporter-output>
          </reporter-output>
        </test-method> <!-- setUp -->
        <test-method status="PASS" signature="validateOrders()[pri:0, instance:com.shopcart.qa.testcases.TC_D_OrdersPageTest@3e6fa38a]" name="validateOrders" duration-ms="13328" started-at="2020-03-11T17:23:44Z" finished-at="2020-03-11T17:23:57Z">
          <reporter-output>
          </reporter-output>
        </test-method> <!-- validateOrders -->
        <test-method status="PASS" signature="tearDown()[pri:0, instance:com.shopcart.qa.testcases.TC_D_OrdersPageTest@3e6fa38a]" name="tearDown" is-config="true" duration-ms="4003" started-at="2020-03-11T17:23:57Z" finished-at="2020-03-11T17:24:01Z">
          <reporter-output>
          </reporter-output>
        </test-method> <!-- tearDown -->
        <test-method status="PASS" signature="setUp()[pri:0, instance:com.shopcart.qa.testcases.TC_D_OrdersPageTest@3e6fa38a]" name="setUp" is-config="true" duration-ms="55907" started-at="2020-03-11T17:30:34Z" finished-at="2020-03-11T17:31:30Z">
          <reporter-output>
          </reporter-output>
        </test-method> <!-- setUp -->
        <test-method status="PASS" signature="validateInvoice()[pri:0, instance:com.shopcart.qa.testcases.TC_D_OrdersPageTest@3e6fa38a]" name="validateInvoice" duration-ms="28654" started-at="2020-03-11T17:31:30Z" finished-at="2020-03-11T17:31:59Z">
          <reporter-output>
          </reporter-output>
        </test-method> <!-- validateInvoice -->
        <test-method status="PASS" signature="tearDown()[pri:0, instance:com.shopcart.qa.testcases.TC_D_OrdersPageTest@3e6fa38a]" name="tearDown" is-config="true" duration-ms="5394" started-at="2020-03-11T17:31:59Z" finished-at="2020-03-11T17:32:04Z">
          <reporter-output>
          </reporter-output>
        </test-method> <!-- tearDown -->
        <test-method status="PASS" signature="setUp()[pri:0, instance:com.shopcart.qa.testcases.TC_D_OrdersPageTest@3e6fa38a]" name="setUp" is-config="true" duration-ms="59419" started-at="2020-03-11T17:35:39Z" finished-at="2020-03-11T17:36:39Z">
          <reporter-output>
          </reporter-output>
        </test-method> <!-- setUp -->
        <test-method status="PASS" signature="validateMerchandise_Returns()[pri:0, instance:com.shopcart.qa.testcases.TC_D_OrdersPageTest@3e6fa38a]" name="validateMerchandise_Returns" duration-ms="27727" started-at="2020-03-11T17:36:39Z" finished-at="2020-03-11T17:37:07Z">
          <reporter-output>
          </reporter-output>
        </test-method> <!-- validateMerchandise_Returns -->
        <test-method status="PASS" signature="tearDown()[pri:0, instance:com.shopcart.qa.testcases.TC_D_OrdersPageTest@3e6fa38a]" name="tearDown" is-config="true" duration-ms="4798" started-at="2020-03-11T17:37:07Z" finished-at="2020-03-11T17:37:11Z">
          <reporter-output>
          </reporter-output>
        </test-method> <!-- tearDown -->
        <test-method status="PASS" signature="setUp()[pri:0, instance:com.shopcart.qa.testcases.TC_D_OrdersPageTest@3e6fa38a]" name="setUp" is-config="true" duration-ms="61201" started-at="2020-03-11T17:39:47Z" finished-at="2020-03-11T17:40:49Z">
          <reporter-output>
          </reporter-output>
        </test-method> <!-- setUp -->
        <test-method status="PASS" signature="validateDeliverySlips()[pri:0, instance:com.shopcart.qa.testcases.TC_D_OrdersPageTest@3e6fa38a]" name="validateDeliverySlips" duration-ms="24303" started-at="2020-03-11T17:40:49Z" finished-at="2020-03-11T17:41:13Z">
          <reporter-output>
          </reporter-output>
        </test-method> <!-- validateDeliverySlips -->
        <test-method status="PASS" signature="tearDown()[pri:0, instance:com.shopcart.qa.testcases.TC_D_OrdersPageTest@3e6fa38a]" name="tearDown" is-config="true" duration-ms="4863" started-at="2020-03-11T17:41:13Z" finished-at="2020-03-11T17:41:18Z">
          <reporter-output>
          </reporter-output>
        </test-method> <!-- tearDown -->
        <test-method status="PASS" signature="setUp()[pri:0, instance:com.shopcart.qa.testcases.TC_D_OrdersPageTest@3e6fa38a]" name="setUp" is-config="true" duration-ms="13141" started-at="2020-03-11T17:42:51Z" finished-at="2020-03-11T17:43:04Z">
          <reporter-output>
          </reporter-output>
        </test-method> <!-- setUp -->
        <test-method status="PASS" signature="validateCreditSlips()[pri:0, instance:com.shopcart.qa.testcases.TC_D_OrdersPageTest@3e6fa38a]" name="validateCreditSlips" duration-ms="9285" started-at="2020-03-11T17:43:04Z" finished-at="2020-03-11T17:43:13Z">
          <reporter-output>
          </reporter-output>
        </test-method> <!-- validateCreditSlips -->
        <test-method status="PASS" signature="tearDown()[pri:0, instance:com.shopcart.qa.testcases.TC_D_OrdersPageTest@3e6fa38a]" name="tearDown" is-config="true" duration-ms="490" started-at="2020-03-11T17:43:13Z" finished-at="2020-03-11T17:43:14Z">
          <reporter-output>
          </reporter-output>
        </test-method> <!-- tearDown -->
        <test-method status="PASS" signature="setUp()[pri:0, instance:com.shopcart.qa.testcases.TC_D_OrdersPageTest@3e6fa38a]" name="setUp" is-config="true" duration-ms="52362" started-at="2020-03-11T17:44:59Z" finished-at="2020-03-11T17:45:51Z">
          <reporter-output>
          </reporter-output>
        </test-method> <!-- setUp -->
        <test-method status="PASS" signature="validateStatuses()[pri:0, instance:com.shopcart.qa.testcases.TC_D_OrdersPageTest@3e6fa38a]" name="validateStatuses" duration-ms="18161" started-at="2020-03-11T17:45:51Z" finished-at="2020-03-11T17:46:09Z">
          <reporter-output>
          </reporter-output>
        </test-method> <!-- validateStatuses -->
        <test-method status="PASS" signature="tearDown()[pri:0, instance:com.shopcart.qa.testcases.TC_D_OrdersPageTest@3e6fa38a]" name="tearDown" is-config="true" duration-ms="440" started-at="2020-03-11T17:46:09Z" finished-at="2020-03-11T17:46:10Z">
          <reporter-output>
          </reporter-output>
        </test-method> <!-- tearDown -->
        <test-method status="PASS" signature="setUp()[pri:0, instance:com.shopcart.qa.testcases.TC_D_OrdersPageTest@3e6fa38a]" name="setUp" is-config="true" duration-ms="59349" started-at="2020-03-11T17:47:46Z" finished-at="2020-03-11T17:48:46Z">
          <reporter-output>
          </reporter-output>
        </test-method> <!-- setUp -->
        <test-method status="PASS" signature="customerPage()[pri:0, instance:com.shopcart.qa.testcases.TC_D_OrdersPageTest@3e6fa38a]" name="customerPage" duration-ms="1" started-at="2020-03-11T17:48:46Z" finished-at="2020-03-11T17:48:46Z">
          <reporter-output>
          </reporter-output>
        </test-method> <!-- customerPage -->
        <test-method status="PASS" signature="tearDown()[pri:0, instance:com.shopcart.qa.testcases.TC_D_OrdersPageTest@3e6fa38a]" name="tearDown" is-config="true" duration-ms="4300" started-at="2020-03-11T17:48:46Z" finished-at="2020-03-11T17:48:50Z">
          <reporter-output>
          </reporter-output>
        </test-method> <!-- tearDown -->
        <test-method status="PASS" signature="setUp()[pri:0, instance:com.shopcart.qa.testcases.TC_D_OrdersPageTest@3e6fa38a]" name="setUp" is-config="true" duration-ms="61419" started-at="2020-03-11T17:48:50Z" finished-at="2020-03-11T17:49:51Z">
          <reporter-output>
          </reporter-output>
        </test-method> <!-- setUp -->
        <test-method status="PASS" signature="validateOrderMessages()[pri:0, instance:com.shopcart.qa.testcases.TC_D_OrdersPageTest@3e6fa38a]" name="validateOrderMessages" duration-ms="27632" started-at="2020-03-11T17:49:51Z" finished-at="2020-03-11T17:50:19Z">
          <reporter-output>
          </reporter-output>
        </test-method> <!-- validateOrderMessages -->
        <test-method status="PASS" signature="tearDown()[pri:0, instance:com.shopcart.qa.testcases.TC_D_OrdersPageTest@3e6fa38a]" name="tearDown" is-config="true" duration-ms="456" started-at="2020-03-11T17:50:19Z" finished-at="2020-03-11T17:50:19Z">
          <reporter-output>
          </reporter-output>
        </test-method> <!-- tearDown -->
      </class> <!-- com.shopcart.qa.testcases.TC_D_OrdersPageTest -->
      <class name="com.shopcart.qa.testcases.TC_B_HomePageTest">
        <test-method status="PASS" signature="setUp()[pri:0, instance:com.shopcart.qa.testcases.TC_B_HomePageTest@47c62251]" name="setUp" is-config="true" duration-ms="96218" started-at="2020-03-11T17:21:44Z" finished-at="2020-03-11T17:23:20Z">
          <reporter-output>
          </reporter-output>
        </test-method> <!-- setUp -->
        <test-method status="PASS" signature="verifyHomePageTitleTest()[pri:0, instance:com.shopcart.qa.testcases.TC_B_HomePageTest@47c62251]" name="verifyHomePageTitleTest" duration-ms="1022" started-at="2020-03-11T17:23:20Z" finished-at="2020-03-11T17:23:21Z">
          <reporter-output>
          </reporter-output>
        </test-method> <!-- verifyHomePageTitleTest -->
        <test-method status="PASS" signature="tearDown()[pri:0, instance:com.shopcart.qa.testcases.TC_B_HomePageTest@47c62251]" name="tearDown" is-config="true" duration-ms="4740" started-at="2020-03-11T17:23:21Z" finished-at="2020-03-11T17:23:26Z">
          <reporter-output>
          </reporter-output>
        </test-method> <!-- tearDown -->
        <test-method status="PASS" signature="setUp()[pri:0, instance:com.shopcart.qa.testcases.TC_B_HomePageTest@47c62251]" name="setUp" is-config="true" duration-ms="57880" started-at="2020-03-11T17:29:23Z" finished-at="2020-03-11T17:30:21Z">
          <reporter-output>
          </reporter-output>
        </test-method> <!-- setUp -->
        <test-method status="PASS" signature="verifyCartTest()[pri:0, instance:com.shopcart.qa.testcases.TC_B_HomePageTest@47c62251]" name="verifyCartTest" duration-ms="12439" started-at="2020-03-11T17:30:21Z" finished-at="2020-03-11T17:30:34Z">
          <reporter-output>
          </reporter-output>
        </test-method> <!-- verifyCartTest -->
        <test-method status="PASS" signature="tearDown()[pri:0, instance:com.shopcart.qa.testcases.TC_B_HomePageTest@47c62251]" name="tearDown" is-config="true" duration-ms="673" started-at="2020-03-11T17:30:34Z" finished-at="2020-03-11T17:30:34Z">
          <reporter-output>
          </reporter-output>
        </test-method> <!-- tearDown -->
        <test-method status="PASS" signature="setUp()[pri:0, instance:com.shopcart.qa.testcases.TC_B_HomePageTest@47c62251]" name="setUp" is-config="true" duration-ms="71720" started-at="2020-03-11T17:34:01Z" finished-at="2020-03-11T17:35:12Z">
          <reporter-output>
          </reporter-output>
        </test-method> <!-- setUp -->
        <test-method status="PASS" signature="verifyQuickAcessTest()[pri:0, instance:com.shopcart.qa.testcases.TC_B_HomePageTest@47c62251]" name="verifyQuickAcessTest" duration-ms="22156" started-at="2020-03-11T17:35:12Z" finished-at="2020-03-11T17:35:35Z">
          <reporter-output>
          </reporter-output>
        </test-method> <!-- verifyQuickAcessTest -->
        <test-method status="PASS" signature="tearDown()[pri:0, instance:com.shopcart.qa.testcases.TC_B_HomePageTest@47c62251]" name="tearDown" is-config="true" duration-ms="4819" started-at="2020-03-11T17:35:35Z" finished-at="2020-03-11T17:35:39Z">
          <reporter-output>
          </reporter-output>
        </test-method> <!-- tearDown -->
        <test-method status="PASS" signature="setUp()[pri:0, instance:com.shopcart.qa.testcases.TC_B_HomePageTest@47c62251]" name="setUp" is-config="true" duration-ms="17808" started-at="2020-03-11T17:38:51Z" finished-at="2020-03-11T17:39:09Z">
          <reporter-output>
          </reporter-output>
        </test-method> <!-- setUp -->
        <test-method status="FAIL" signature="verifySystemAdminLinkTest()[pri:0, instance:com.shopcart.qa.testcases.TC_B_HomePageTest@47c62251]" name="verifySystemAdminLinkTest" duration-ms="37999" started-at="2020-03-11T17:39:09Z" finished-at="2020-03-11T17:39:47Z">
          <exception class="org.openqa.selenium.NoSuchElementException">
            <message>
              <![CDATA[no such element: Unable to locate element: {"method":"css selector","selector":"a#header_logout1"}
  (Session info: chrome=80.0.3987.132)
For documentation on this error, please visit: https://www.seleniumhq.org/exceptions/no_such_element.html
Build info: version: '3.141.59', revision: 'e82be7d358', time: '2018-11-14T08:17:03'
System info: host: 'LAPTOP-5E3MODR9', ip: '192.168.0.103', os.name: 'Windows 10', os.arch: 'amd64', os.version: '10.0', java.version: '1.8.0_152'
Driver info: org.openqa.selenium.chrome.ChromeDriver
Capabilities {acceptInsecureCerts: false, browserName: chrome, browserVersion: 80.0.3987.132, chrome: {chromedriverVersion: 79.0.3945.36 (3582db32b3389..., userDataDir: C:\WINDOWS\TEMP\scoped_dir3...}, goog:chromeOptions: {debuggerAddress: localhost:57821}, javascriptEnabled: true, networkConnectionEnabled: false, pageLoadStrategy: normal, platform: WINDOWS, platformName: WINDOWS, proxy: Proxy(), setWindowRect: true, strictFileInteractability: false, timeouts: {implicit: 0, pageLoad: 300000, script: 30000}, unhandledPromptBehavior: dismiss and notify}
Session ID: fba22284550cd57ad796ca4f6d5d2c8c
*** Element info: {Using=css selector, value=a#header_logout1}]]>
            </message>
            <full-stacktrace>
              <![CDATA[org.openqa.selenium.NoSuchElementException: no such element: Unable to locate element: {"method":"css selector","selector":"a#header_logout1"}
  (Session info: chrome=80.0.3987.132)
For documentation on this error, please visit: https://www.seleniumhq.org/exceptions/no_such_element.html
Build info: version: '3.141.59', revision: 'e82be7d358', time: '2018-11-14T08:17:03'
System info: host: 'LAPTOP-5E3MODR9', ip: '192.168.0.103', os.name: 'Windows 10', os.arch: 'amd64', os.version: '10.0', java.version: '1.8.0_152'
Driver info: org.openqa.selenium.chrome.ChromeDriver
Capabilities {acceptInsecureCerts: false, browserName: chrome, browserVersion: 80.0.3987.132, chrome: {chromedriverVersion: 79.0.3945.36 (3582db32b3389..., userDataDir: C:\WINDOWS\TEMP\scoped_dir3...}, goog:chromeOptions: {debuggerAddress: localhost:57821}, javascriptEnabled: true, networkConnectionEnabled: false, pageLoadStrategy: normal, platform: WINDOWS, platformName: WINDOWS, proxy: Proxy(), setWindowRect: true, strictFileInteractability: false, timeouts: {implicit: 0, pageLoad: 300000, script: 30000}, unhandledPromptBehavior: dismiss and notify}
Session ID: fba22284550cd57ad796ca4f6d5d2c8c
*** Element info: {Using=css selector, value=a#header_logout1}
	at sun.reflect.NativeConstructorAccessorImpl.newInstance0(Native Method)
	at sun.reflect.NativeConstructorAccessorImpl.newInstance(NativeConstructorAccessorImpl.java:62)
	at sun.reflect.DelegatingConstructorAccessorImpl.newInstance(DelegatingConstructorAccessorImpl.java:45)
	at java.lang.reflect.Constructor.newInstance(Constructor.java:423)
	at org.openqa.selenium.remote.http.W3CHttpResponseCodec.createException(W3CHttpResponseCodec.java:187)
	at org.openqa.selenium.remote.http.W3CHttpResponseCodec.decode(W3CHttpResponseCodec.java:122)
	at org.openqa.selenium.remote.http.W3CHttpResponseCodec.decode(W3CHttpResponseCodec.java:49)
	at org.openqa.selenium.remote.HttpCommandExecutor.execute(HttpCommandExecutor.java:158)
	at org.openqa.selenium.remote.service.DriverCommandExecutor.execute(DriverCommandExecutor.java:83)
	at org.openqa.selenium.remote.RemoteWebDriver.execute(RemoteWebDriver.java:552)
	at org.openqa.selenium.remote.RemoteWebDriver.findElement(RemoteWebDriver.java:323)
	at org.openqa.selenium.remote.RemoteWebDriver.findElementByCssSelector(RemoteWebDriver.java:420)
	at org.openqa.selenium.By$ByCssSelector.findElement(By.java:431)
	at org.openqa.selenium.remote.RemoteWebDriver.findElement(RemoteWebDriver.java:315)
	at com.shopcart.qa.pages.HomePage.clickOnSystemAdminLink(HomePage.java:75)
	at com.shopcart.qa.testcases.TC_B_HomePageTest.verifySystemAdminLinkTest(TC_B_HomePageTest.java:53)
	at sun.reflect.NativeMethodAccessorImpl.invoke0(Native Method)
	at sun.reflect.NativeMethodAccessorImpl.invoke(NativeMethodAccessorImpl.java:62)
	at sun.reflect.DelegatingMethodAccessorImpl.invoke(DelegatingMethodAccessorImpl.java:43)
	at java.lang.reflect.Method.invoke(Method.java:498)
	at org.testng.internal.MethodInvocationHelper.invokeMethod(MethodInvocationHelper.java:80)
	at org.testng.internal.Invoker.invokeMethod(Invoker.java:714)
	at org.testng.internal.Invoker.invokeTestMethod(Invoker.java:901)
	at org.testng.internal.Invoker.invokeTestMethods(Invoker.java:1231)
	at org.testng.internal.TestMethodWorker.invokeTestMethods(TestMethodWorker.java:127)
	at org.testng.internal.TestMethodWorker.run(TestMethodWorker.java:111)
	at org.testng.TestRunner.privateRun(TestRunner.java:767)
	at org.testng.TestRunner.run(TestRunner.java:617)
	at org.testng.SuiteRunner.runTest(SuiteRunner.java:334)
	at org.testng.SuiteRunner.runSequentially(SuiteRunner.java:329)
	at org.testng.SuiteRunner.privateRun(SuiteRunner.java:291)
	at org.testng.SuiteRunner.run(SuiteRunner.java:240)
	at org.testng.SuiteRunnerWorker.runSuite(SuiteRunnerWorker.java:52)
	at org.testng.SuiteRunnerWorker.run(SuiteRunnerWorker.java:86)
	at org.testng.TestNG.runSuitesSequentially(TestNG.java:1198)
	at org.testng.TestNG.runSuitesLocally(TestNG.java:1123)
	at org.testng.TestNG.run(TestNG.java:1031)
	at org.apache.maven.surefire.testng.TestNGExecutor.run(TestNGExecutor.java:77)
	at org.apache.maven.surefire.testng.TestNGDirectoryTestSuite.executeMulti(TestNGDirectoryTestSuite.java:159)
	at org.apache.maven.surefire.testng.TestNGDirectoryTestSuite.execute(TestNGDirectoryTestSuite.java:99)
	at org.apache.maven.surefire.testng.TestNGProvider.invoke(TestNGProvider.java:106)
	at sun.reflect.NativeMethodAccessorImpl.invoke0(Native Method)
	at sun.reflect.NativeMethodAccessorImpl.invoke(NativeMethodAccessorImpl.java:62)
	at sun.reflect.DelegatingMethodAccessorImpl.invoke(DelegatingMethodAccessorImpl.java:43)
	at java.lang.reflect.Method.invoke(Method.java:498)
	at org.apache.maven.surefire.util.ReflectionUtils.invokeMethodWithArray(ReflectionUtils.java:189)
	at org.apache.maven.surefire.booter.ProviderFactory$ProviderProxy.invoke(ProviderFactory.java:165)
	at org.apache.maven.surefire.booter.ProviderFactory.invokeProvider(ProviderFactory.java:85)
	at org.apache.maven.surefire.booter.ForkedBooter.runSuitesInProcess(ForkedBooter.java:115)
	at org.apache.maven.surefire.booter.ForkedBooter.main(ForkedBooter.java:75)
]]>
            </full-stacktrace>
          </exception> <!-- org.openqa.selenium.NoSuchElementException -->
          <reporter-output>
          </reporter-output>
        </test-method> <!-- verifySystemAdminLinkTest -->
        <test-method status="PASS" signature="tearDown()[pri:0, instance:com.shopcart.qa.testcases.TC_B_HomePageTest@47c62251]" name="tearDown" is-config="true" duration-ms="267" started-at="2020-03-11T17:39:47Z" finished-at="2020-03-11T17:39:47Z">
          <reporter-output>
          </reporter-output>
        </test-method> <!-- tearDown -->
        <test-method status="PASS" signature="setUp()[pri:0, instance:com.shopcart.qa.testcases.TC_B_HomePageTest@47c62251]" name="setUp" is-config="true" duration-ms="15321" started-at="2020-03-11T17:42:30Z" finished-at="2020-03-11T17:42:45Z">
          <reporter-output>
          </reporter-output>
        </test-method> <!-- setUp -->
        <test-method status="PASS" signature="verifyHelpLinkTest()[pri:0, instance:com.shopcart.qa.testcases.TC_B_HomePageTest@47c62251]" name="verifyHelpLinkTest" duration-ms="5599" started-at="2020-03-11T17:42:45Z" finished-at="2020-03-11T17:42:51Z">
          <reporter-output>
          </reporter-output>
        </test-method> <!-- verifyHelpLinkTest -->
        <test-method status="PASS" signature="tearDown()[pri:0, instance:com.shopcart.qa.testcases.TC_B_HomePageTest@47c62251]" name="tearDown" is-config="true" duration-ms="28" started-at="2020-03-11T17:42:51Z" finished-at="2020-03-11T17:42:51Z">
          <reporter-output>
          </reporter-output>
        </test-method> <!-- tearDown -->
        <test-method status="PASS" signature="setUp()[pri:0, instance:com.shopcart.qa.testcases.TC_B_HomePageTest@47c62251]" name="setUp" is-config="true" duration-ms="54585" started-at="2020-03-11T17:46:32Z" finished-at="2020-03-11T17:47:26Z">
          <reporter-output>
          </reporter-output>
        </test-method> <!-- setUp -->
        <test-method status="PASS" signature="verifyDashbrdTest()[pri:0, instance:com.shopcart.qa.testcases.TC_B_HomePageTest@47c62251]" name="verifyDashbrdTest" duration-ms="15304" started-at="2020-03-11T17:47:26Z" finished-at="2020-03-11T17:47:41Z">
          <reporter-output>
          </reporter-output>
        </test-method> <!-- verifyDashbrdTest -->
        <test-method status="PASS" signature="tearDown()[pri:0, instance:com.shopcart.qa.testcases.TC_B_HomePageTest@47c62251]" name="tearDown" is-config="true" duration-ms="4668" started-at="2020-03-11T17:47:41Z" finished-at="2020-03-11T17:47:46Z">
          <reporter-output>
          </reporter-output>
        </test-method> <!-- tearDown -->
        <test-method status="PASS" signature="setUp()[pri:0, instance:com.shopcart.qa.testcases.TC_B_HomePageTest@47c62251]" name="setUp" is-config="true" duration-ms="47998" started-at="2020-03-11T17:50:19Z" finished-at="2020-03-11T17:51:07Z">
          <reporter-output>
          </reporter-output>
        </test-method> <!-- setUp -->
        <test-method status="PASS" signature="menuListSizeTest()[pri:0, instance:com.shopcart.qa.testcases.TC_B_HomePageTest@47c62251]" name="menuListSizeTest" duration-ms="7804" started-at="2020-03-11T17:51:07Z" finished-at="2020-03-11T17:51:15Z">
          <reporter-output>
          </reporter-output>
        </test-method> <!-- menuListSizeTest -->
        <test-method status="PASS" signature="tearDown()[pri:0, instance:com.shopcart.qa.testcases.TC_B_HomePageTest@47c62251]" name="tearDown" is-config="true" duration-ms="425" started-at="2020-03-11T17:51:15Z" finished-at="2020-03-11T17:51:16Z">
          <reporter-output>
          </reporter-output>
        </test-method> <!-- tearDown -->
        <test-method status="PASS" signature="setUp()[pri:0, instance:com.shopcart.qa.testcases.TC_B_HomePageTest@47c62251]" name="setUp" is-config="true" duration-ms="46790" started-at="2020-03-11T17:51:43Z" finished-at="2020-03-11T17:52:29Z">
          <reporter-output>
          </reporter-output>
        </test-method> <!-- setUp -->
        <test-method status="FAIL" signature="searchMenuTest()[pri:0, instance:com.shopcart.qa.testcases.TC_B_HomePageTest@47c62251]" name="searchMenuTest" duration-ms="35803" started-at="2020-03-11T17:52:29Z" finished-at="2020-03-11T17:53:05Z">
          <exception class="org.openqa.selenium.JavascriptException">
            <message>
              <![CDATA[javascript error: Failed to execute 'elementsFromPoint' on 'Document': The provided double value is non-finite.
  (Session info: chrome=80.0.3987.132)
Build info: version: '3.141.59', revision: 'e82be7d358', time: '2018-11-14T08:17:03'
System info: host: 'LAPTOP-5E3MODR9', ip: '192.168.0.103', os.name: 'Windows 10', os.arch: 'amd64', os.version: '10.0', java.version: '1.8.0_152'
Driver info: org.openqa.selenium.chrome.ChromeDriver
Capabilities {acceptInsecureCerts: false, browserName: chrome, browserVersion: 80.0.3987.132, chrome: {chromedriverVersion: 79.0.3945.36 (3582db32b3389..., userDataDir: C:\WINDOWS\TEMP\scoped_dir1...}, goog:chromeOptions: {debuggerAddress: localhost:59439}, javascriptEnabled: true, networkConnectionEnabled: false, pageLoadStrategy: normal, platform: WINDOWS, platformName: WINDOWS, proxy: Proxy(), setWindowRect: true, strictFileInteractability: false, timeouts: {implicit: 0, pageLoad: 300000, script: 30000}, unhandledPromptBehavior: dismiss and notify}
Session ID: 2b602132985eabb80fd95db7aa75890b]]>
            </message>
            <full-stacktrace>
              <![CDATA[org.openqa.selenium.JavascriptException: javascript error: Failed to execute 'elementsFromPoint' on 'Document': The provided double value is non-finite.
  (Session info: chrome=80.0.3987.132)
Build info: version: '3.141.59', revision: 'e82be7d358', time: '2018-11-14T08:17:03'
System info: host: 'LAPTOP-5E3MODR9', ip: '192.168.0.103', os.name: 'Windows 10', os.arch: 'amd64', os.version: '10.0', java.version: '1.8.0_152'
Driver info: org.openqa.selenium.chrome.ChromeDriver
Capabilities {acceptInsecureCerts: false, browserName: chrome, browserVersion: 80.0.3987.132, chrome: {chromedriverVersion: 79.0.3945.36 (3582db32b3389..., userDataDir: C:\WINDOWS\TEMP\scoped_dir1...}, goog:chromeOptions: {debuggerAddress: localhost:59439}, javascriptEnabled: true, networkConnectionEnabled: false, pageLoadStrategy: normal, platform: WINDOWS, platformName: WINDOWS, proxy: Proxy(), setWindowRect: true, strictFileInteractability: false, timeouts: {implicit: 0, pageLoad: 300000, script: 30000}, unhandledPromptBehavior: dismiss and notify}
Session ID: 2b602132985eabb80fd95db7aa75890b
	at sun.reflect.NativeConstructorAccessorImpl.newInstance0(Native Method)
	at sun.reflect.NativeConstructorAccessorImpl.newInstance(NativeConstructorAccessorImpl.java:62)
	at sun.reflect.DelegatingConstructorAccessorImpl.newInstance(DelegatingConstructorAccessorImpl.java:45)
	at java.lang.reflect.Constructor.newInstance(Constructor.java:423)
	at org.openqa.selenium.remote.http.W3CHttpResponseCodec.createException(W3CHttpResponseCodec.java:187)
	at org.openqa.selenium.remote.http.W3CHttpResponseCodec.decode(W3CHttpResponseCodec.java:122)
	at org.openqa.selenium.remote.http.W3CHttpResponseCodec.decode(W3CHttpResponseCodec.java:49)
	at org.openqa.selenium.remote.HttpCommandExecutor.execute(HttpCommandExecutor.java:158)
	at org.openqa.selenium.remote.service.DriverCommandExecutor.execute(DriverCommandExecutor.java:83)
	at org.openqa.selenium.remote.RemoteWebDriver.execute(RemoteWebDriver.java:552)
	at org.openqa.selenium.remote.RemoteWebDriver.perform(RemoteWebDriver.java:618)
	at org.openqa.selenium.interactions.Actions$BuiltAction.perform(Actions.java:639)
	at com.shopcart.qa.util.TestUtil.actions(TestUtil.java:21)
	at com.shopcart.qa.pages.HomePage.searchMenu(HomePage.java:102)
	at com.shopcart.qa.testcases.TC_B_HomePageTest.searchMenuTest(TC_B_HomePageTest.java:81)
	at sun.reflect.NativeMethodAccessorImpl.invoke0(Native Method)
	at sun.reflect.NativeMethodAccessorImpl.invoke(NativeMethodAccessorImpl.java:62)
	at sun.reflect.DelegatingMethodAccessorImpl.invoke(DelegatingMethodAccessorImpl.java:43)
	at java.lang.reflect.Method.invoke(Method.java:498)
	at org.testng.internal.MethodInvocationHelper.invokeMethod(MethodInvocationHelper.java:80)
	at org.testng.internal.Invoker.invokeMethod(Invoker.java:714)
	at org.testng.internal.Invoker.invokeTestMethod(Invoker.java:901)
	at org.testng.internal.Invoker.invokeTestMethods(Invoker.java:1231)
	at org.testng.internal.TestMethodWorker.invokeTestMethods(TestMethodWorker.java:127)
	at org.testng.internal.TestMethodWorker.run(TestMethodWorker.java:111)
	at org.testng.TestRunner.privateRun(TestRunner.java:767)
	at org.testng.TestRunner.run(TestRunner.java:617)
	at org.testng.SuiteRunner.runTest(SuiteRunner.java:334)
	at org.testng.SuiteRunner.runSequentially(SuiteRunner.java:329)
	at org.testng.SuiteRunner.privateRun(SuiteRunner.java:291)
	at org.testng.SuiteRunner.run(SuiteRunner.java:240)
	at org.testng.SuiteRunnerWorker.runSuite(SuiteRunnerWorker.java:52)
	at org.testng.SuiteRunnerWorker.run(SuiteRunnerWorker.java:86)
	at org.testng.TestNG.runSuitesSequentially(TestNG.java:1198)
	at org.testng.TestNG.runSuitesLocally(TestNG.java:1123)
	at org.testng.TestNG.run(TestNG.java:1031)
	at org.apache.maven.surefire.testng.TestNGExecutor.run(TestNGExecutor.java:77)
	at org.apache.maven.surefire.testng.TestNGDirectoryTestSuite.executeMulti(TestNGDirectoryTestSuite.java:159)
	at org.apache.maven.surefire.testng.TestNGDirectoryTestSuite.execute(TestNGDirectoryTestSuite.java:99)
	at org.apache.maven.surefire.testng.TestNGProvider.invoke(TestNGProvider.java:106)
	at sun.reflect.NativeMethodAccessorImpl.invoke0(Native Method)
	at sun.reflect.NativeMethodAccessorImpl.invoke(NativeMethodAccessorImpl.java:62)
	at sun.reflect.DelegatingMethodAccessorImpl.invoke(DelegatingMethodAccessorImpl.java:43)
	at java.lang.reflect.Method.invoke(Method.java:498)
	at org.apache.maven.surefire.util.ReflectionUtils.invokeMethodWithArray(ReflectionUtils.java:189)
	at org.apache.maven.surefire.booter.ProviderFactory$ProviderProxy.invoke(ProviderFactory.java:165)
	at org.apache.maven.surefire.booter.ProviderFactory.invokeProvider(ProviderFactory.java:85)
	at org.apache.maven.surefire.booter.ForkedBooter.runSuitesInProcess(ForkedBooter.java:115)
	at org.apache.maven.surefire.booter.ForkedBooter.main(ForkedBooter.java:75)
]]>
            </full-stacktrace>
          </exception> <!-- org.openqa.selenium.JavascriptException -->
          <reporter-output>
          </reporter-output>
        </test-method> <!-- searchMenuTest -->
        <test-method status="PASS" signature="tearDown()[pri:0, instance:com.shopcart.qa.testcases.TC_B_HomePageTest@47c62251]" name="tearDown" is-config="true" duration-ms="4419" started-at="2020-03-11T17:53:05Z" finished-at="2020-03-11T17:53:10Z">
          <reporter-output>
          </reporter-output>
        </test-method> <!-- tearDown -->
        <test-method status="PASS" signature="setUp()[pri:0, instance:com.shopcart.qa.testcases.TC_B_HomePageTest@47c62251]" name="setUp" is-config="true" duration-ms="47896" started-at="2020-03-11T17:53:10Z" finished-at="2020-03-11T17:53:58Z">
          <reporter-output>
          </reporter-output>
        </test-method> <!-- setUp -->
        <test-method status="PASS" signature="CatalogPageTest()[pri:0, instance:com.shopcart.qa.testcases.TC_B_HomePageTest@47c62251]" name="CatalogPageTest" duration-ms="0" started-at="2020-03-11T17:53:58Z" finished-at="2020-03-11T17:53:58Z">
          <reporter-output>
          </reporter-output>
        </test-method> <!-- CatalogPageTest -->
        <test-method status="PASS" signature="tearDown()[pri:0, instance:com.shopcart.qa.testcases.TC_B_HomePageTest@47c62251]" name="tearDown" is-config="true" duration-ms="4725" started-at="2020-03-11T17:53:58Z" finished-at="2020-03-11T17:54:02Z">
          <reporter-output>
          </reporter-output>
        </test-method> <!-- tearDown -->
      </class> <!-- com.shopcart.qa.testcases.TC_B_HomePageTest -->
    </test> <!-- Command line test -->
  </suite> <!-- Command line suite -->
</testng-results>
