<?xml version="1.0" encoding="UTF-8" ?>
<testsuite tests="33" failures="3" name="TestSuite" time="528.571" errors="0" skipped="0">
  <properties>
[...]
</properties>
  <testcase classname="com.shopcart.qa.testcases.TC_A_LoginPageTest" name="loginTest" time="42.353"/>
  <testcase classname="com.shopcart.qa.testcases.TC_B_HomePageTest" name="verifyHomePageTitleTest" time="1.022"/>
  <testcase classname="com.shopcart.qa.testcases.TC_D_OrdersPageTest" name="validateOrders" time="13.327"/>
  <testcase classname="com.shopcart.qa.testcases.TC_E_CustomerPageTest" name="validateCustomerData" time="16.57"/>
  <testcase classname="com.shopcart.qa.testcases.TC_E_CustomerPageTest" name="validateCustomerData" time="62.714">
    <failure message="no such element: Unable to locate element: {&quot;method&quot;:&quot;xpath&quot;,&quot;selector&quot;:&quot;//*[@id=&apos;page-header-desc-customer-new_customer&apos;]&quot;}
  (Session info: chrome=80.0.3987.132)
For documentation on this error, please visit: https://www.seleniumhq.org/exceptions/no_such_element.html
Build info: version: &apos;3.141.59&apos;, revision: &apos;e82be7d358&apos;, time: &apos;2018-11-14T08:17:03&apos;
System info: host: &apos;LAPTOP-5E3MODR9&apos;, ip: &apos;192.168.0.103&apos;, os.name: &apos;Windows 10&apos;, os.arch: &apos;amd64&apos;, os.version: &apos;10.0&apos;, java.version: &apos;1.8.0_152&apos;
Driver info: org.openqa.selenium.chrome.ChromeDriver
Capabilities {acceptInsecureCerts: false, browserName: chrome, browserVersion: 80.0.3987.132, chrome: {chromedriverVersion: 79.0.3945.36 (3582db32b3389..., userDataDir: C:\WINDOWS\TEMP\scoped_dir9...}, goog:chromeOptions: {debuggerAddress: localhost:56203}, javascriptEnabled: true, networkConnectionEnabled: false, pageLoadStrategy: normal, platform: WINDOWS, platformName: WINDOWS, proxy: Proxy(), setWindowRect: true, strictFileInteractability: false, timeouts: {implicit: 0, pageLoad: 300000, script: 30000}, unhandledPromptBehavior: dismiss and notify}
Session ID: 6f5363a106e48219bc84c0623deed4fc
*** Element info: {Using=xpath, value=//*[@id=&apos;page-header-desc-customer-new_customer&apos;]}" type="org.openqa.selenium.NoSuchElementException">org.openqa.selenium.NoSuchElementException: no such element: Unable to locate element: {&quot;method&quot;:&quot;xpath&quot;,&quot;selector&quot;:&quot;//*[@id=&apos;page-header-desc-customer-new_customer&apos;]&quot;}
  (Session info: chrome=80.0.3987.132)
For documentation on this error, please visit: https://www.seleniumhq.org/exceptions/no_such_element.html
Build info: version: &apos;3.141.59&apos;, revision: &apos;e82be7d358&apos;, time: &apos;2018-11-14T08:17:03&apos;
System info: host: &apos;LAPTOP-5E3MODR9&apos;, ip: &apos;192.168.0.103&apos;, os.name: &apos;Windows 10&apos;, os.arch: &apos;amd64&apos;, os.version: &apos;10.0&apos;, java.version: &apos;1.8.0_152&apos;
Driver info: org.openqa.selenium.chrome.ChromeDriver
Capabilities {acceptInsecureCerts: false, browserName: chrome, browserVersion: 80.0.3987.132, chrome: {chromedriverVersion: 79.0.3945.36 (3582db32b3389..., userDataDir: C:\WINDOWS\TEMP\scoped_dir9...}, goog:chromeOptions: {debuggerAddress: localhost:56203}, javascriptEnabled: true, networkConnectionEnabled: false, pageLoadStrategy: normal, platform: WINDOWS, platformName: WINDOWS, proxy: Proxy(), setWindowRect: true, strictFileInteractability: false, timeouts: {implicit: 0, pageLoad: 300000, script: 30000}, unhandledPromptBehavior: dismiss and notify}
Session ID: 6f5363a106e48219bc84c0623deed4fc
*** Element info: {Using=xpath, value=//*[@id=&apos;page-header-desc-customer-new_customer&apos;]}
	at sun.reflect.NativeConstructorAccessorImpl.newInstance0(Native Method)
	at sun.reflect.NativeConstructorAccessorImpl.newInstance(NativeConstructorAccessorImpl.java:62)
	at sun.reflect.DelegatingConstructorAccessorImpl.newInstance(DelegatingConstructorAccessorImpl.java:45)
	at java.lang.reflect.Constructor.newInstance(Constructor.java:423)
	at org.openqa.selenium.remote.http.W3CHttpResponseCodec.createException(W3CHttpResponseCodec.java:187)
	at org.openqa.selenium.remote.http.W3CHttpResponseCodec.decode(W3CHttpResponseCodec.java:122)
	at org.openqa.selenium.remote.http.W3CHttpResponseCodec.decode(W3CHttpResponseCodec.java:49)
	at org.openqa.selenium.remote.HttpCommandExecutor.execute(HttpCommandExecutor.java:158)
	at org.openqa.selenium.remote.service.DriverCommandExecutor.execute(DriverCommandExecutor.java:83)
	at org.openqa.selenium.remote.RemoteWebDriver.execute(RemoteWebDriver.java:552)
	at org.openqa.selenium.remote.RemoteWebDriver.findElement(RemoteWebDriver.java:323)
	at org.openqa.selenium.remote.RemoteWebDriver.findElementByXPath(RemoteWebDriver.java:428)
	at org.openqa.selenium.By$ByXPath.findElement(By.java:353)
	at org.openqa.selenium.remote.RemoteWebDriver.findElement(RemoteWebDriver.java:315)
	at com.shopcart.qa.pages.CustomerPage.addNewCustomerFromExcel(CustomerPage.java:48)
	at com.shopcart.qa.testcases.TC_E_CustomerPageTest.validateCustomerData(TC_E_CustomerPageTest.java:44)
</failure>
    <system-err>Starting ChromeDriver 79.0.3945.36 (3582db32b33893869b8c1339e8f4d9ed1816f143-refs/branch-heads/3945@{#614}) on port 13543
Only local connections are allowed.
Please protect ports used by ChromeDriver and related test frameworks to prevent access by malicious code.
[1583927715.206][WARNING]: This version of ChromeDriver has not been tested with Chrome version 80.
[1583927717.213][WARNING]: Timed out connecting to Chrome, retrying...
Mar 11, 2020 5:25:20 PM org.openqa.selenium.remote.ProtocolHandshake createSession
INFO: Detected dialect: W3C
[1583927731.866][WARNING]: Timed out connecting to Chrome, retrying...
</system-err>
  </testcase>
  <testcase classname="com.shopcart.qa.testcases.TC_E_CustomerPageTest" name="validateCustomerData" time="12.734"/>
  <testcase classname="com.shopcart.qa.testcases.TC_E_CustomerPageTest" name="validateCustomerData" time="11.652"/>
  <testcase classname="com.shopcart.qa.testcases.TC_A_LoginPageTest" name="loginPageTitleTest" time="0.638"/>
  <testcase classname="com.shopcart.qa.testcases.TC_B_HomePageTest" name="verifyCartTest" time="12.439"/>
  <testcase classname="com.shopcart.qa.testcases.TC_D_OrdersPageTest" name="validateInvoice" time="28.655"/>
  <testcase classname="com.shopcart.qa.testcases.TC_E_CustomerPageTest" name="ValidatAddressesTest" time="28.413"/>
  <testcase classname="com.shopcart.qa.testcases.TC_A_LoginPageTest" name="ShoplogoImg" time="2.99"/>
  <testcase classname="com.shopcart.qa.testcases.TC_B_HomePageTest" name="verifyQuickAcessTest" time="22.155"/>
  <testcase classname="com.shopcart.qa.testcases.TC_D_OrdersPageTest" name="validateMerchandise_Returns" time="27.726"/>
  <testcase classname="com.shopcart.qa.testcases.TC_E_CustomerPageTest" name="ValidatGroupsTest" time="12.123"/>
  <testcase classname="com.shopcart.qa.testcases.TC_A_LoginPageTest" name="ShopVersionTest" time="2.006"/>
  <testcase classname="com.shopcart.qa.testcases.TC_B_HomePageTest" name="verifySystemAdminLinkTest" time="38.003">
    <failure message="no such element: Unable to locate element: {&quot;method&quot;:&quot;css selector&quot;,&quot;selector&quot;:&quot;a#header_logout1&quot;}
  (Session info: chrome=80.0.3987.132)
For documentation on this error, please visit: https://www.seleniumhq.org/exceptions/no_such_element.html
Build info: version: &apos;3.141.59&apos;, revision: &apos;e82be7d358&apos;, time: &apos;2018-11-14T08:17:03&apos;
System info: host: &apos;LAPTOP-5E3MODR9&apos;, ip: &apos;192.168.0.103&apos;, os.name: &apos;Windows 10&apos;, os.arch: &apos;amd64&apos;, os.version: &apos;10.0&apos;, java.version: &apos;1.8.0_152&apos;
Driver info: org.openqa.selenium.chrome.ChromeDriver
Capabilities {acceptInsecureCerts: false, browserName: chrome, browserVersion: 80.0.3987.132, chrome: {chromedriverVersion: 79.0.3945.36 (3582db32b3389..., userDataDir: C:\WINDOWS\TEMP\scoped_dir3...}, goog:chromeOptions: {debuggerAddress: localhost:57821}, javascriptEnabled: true, networkConnectionEnabled: false, pageLoadStrategy: normal, platform: WINDOWS, platformName: WINDOWS, proxy: Proxy(), setWindowRect: true, strictFileInteractability: false, timeouts: {implicit: 0, pageLoad: 300000, script: 30000}, unhandledPromptBehavior: dismiss and notify}
Session ID: fba22284550cd57ad796ca4f6d5d2c8c
*** Element info: {Using=css selector, value=a#header_logout1}" type="org.openqa.selenium.NoSuchElementException">org.openqa.selenium.NoSuchElementException: no such element: Unable to locate element: {&quot;method&quot;:&quot;css selector&quot;,&quot;selector&quot;:&quot;a#header_logout1&quot;}
  (Session info: chrome=80.0.3987.132)
For documentation on this error, please visit: https://www.seleniumhq.org/exceptions/no_such_element.html
Build info: version: &apos;3.141.59&apos;, revision: &apos;e82be7d358&apos;, time: &apos;2018-11-14T08:17:03&apos;
System info: host: &apos;LAPTOP-5E3MODR9&apos;, ip: &apos;192.168.0.103&apos;, os.name: &apos;Windows 10&apos;, os.arch: &apos;amd64&apos;, os.version: &apos;10.0&apos;, java.version: &apos;1.8.0_152&apos;
Driver info: org.openqa.selenium.chrome.ChromeDriver
Capabilities {acceptInsecureCerts: false, browserName: chrome, browserVersion: 80.0.3987.132, chrome: {chromedriverVersion: 79.0.3945.36 (3582db32b3389..., userDataDir: C:\WINDOWS\TEMP\scoped_dir3...}, goog:chromeOptions: {debuggerAddress: localhost:57821}, javascriptEnabled: true, networkConnectionEnabled: false, pageLoadStrategy: normal, platform: WINDOWS, platformName: WINDOWS, proxy: Proxy(), setWindowRect: true, strictFileInteractability: false, timeouts: {implicit: 0, pageLoad: 300000, script: 30000}, unhandledPromptBehavior: dismiss and notify}
Session ID: fba22284550cd57ad796ca4f6d5d2c8c
*** Element info: {Using=css selector, value=a#header_logout1}
	at sun.reflect.NativeConstructorAccessorImpl.newInstance0(Native Method)
	at sun.reflect.NativeConstructorAccessorImpl.newInstance(NativeConstructorAccessorImpl.java:62)
	at sun.reflect.DelegatingConstructorAccessorImpl.newInstance(DelegatingConstructorAccessorImpl.java:45)
	at java.lang.reflect.Constructor.newInstance(Constructor.java:423)
	at org.openqa.selenium.remote.http.W3CHttpResponseCodec.createException(W3CHttpResponseCodec.java:187)
	at org.openqa.selenium.remote.http.W3CHttpResponseCodec.decode(W3CHttpResponseCodec.java:122)
	at org.openqa.selenium.remote.http.W3CHttpResponseCodec.decode(W3CHttpResponseCodec.java:49)
	at org.openqa.selenium.remote.HttpCommandExecutor.execute(HttpCommandExecutor.java:158)
	at org.openqa.selenium.remote.service.DriverCommandExecutor.execute(DriverCommandExecutor.java:83)
	at org.openqa.selenium.remote.RemoteWebDriver.execute(RemoteWebDriver.java:552)
	at org.openqa.selenium.remote.RemoteWebDriver.findElement(RemoteWebDriver.java:323)
	at org.openqa.selenium.remote.RemoteWebDriver.findElementByCssSelector(RemoteWebDriver.java:420)
	at org.openqa.selenium.By$ByCssSelector.findElement(By.java:431)
	at org.openqa.selenium.remote.RemoteWebDriver.findElement(RemoteWebDriver.java:315)
	at com.shopcart.qa.pages.HomePage.clickOnSystemAdminLink(HomePage.java:75)
	at com.shopcart.qa.testcases.TC_B_HomePageTest.verifySystemAdminLinkTest(TC_B_HomePageTest.java:53)
</failure>
    <system-err>Starting ChromeDriver 79.0.3945.36 (3582db32b33893869b8c1339e8f4d9ed1816f143-refs/branch-heads/3945@{#614}) on port 10720
Only local connections are allowed.
Please protect ports used by ChromeDriver and related test frameworks to prevent access by malicious code.
[1583928533.917][WARNING]: This version of ChromeDriver has not been tested with Chrome version 80.
[1583928535.929][WARNING]: Timed out connecting to Chrome, retrying...
Mar 11, 2020 5:38:58 PM org.openqa.selenium.remote.ProtocolHandshake createSession
INFO: Detected dialect: W3C
[1583928546.971][WARNING]: Timed out connecting to Chrome, retrying...
</system-err>
  </testcase>
  <testcase classname="com.shopcart.qa.testcases.TC_D_OrdersPageTest" name="validateDeliverySlips" time="24.303"/>
  <testcase classname="com.shopcart.qa.testcases.TC_E_CustomerPageTest" name="ValidatShippingCartsTest" time="9.451"/>
  <testcase classname="com.shopcart.qa.testcases.TC_A_LoginPageTest" name="ShopcartImgTest" time="0.098"/>
  <testcase classname="com.shopcart.qa.testcases.TC_B_HomePageTest" name="verifyHelpLinkTest" time="5.599"/>
  <testcase classname="com.shopcart.qa.testcases.TC_D_OrdersPageTest" name="validateCreditSlips" time="9.405"/>
  <testcase classname="com.shopcart.qa.testcases.TC_E_CustomerPageTest" name="ValidatCustomerServicesTest" time="24.688"/>
  <testcase classname="com.shopcart.qa.testcases.TC_A_LoginPageTest" name="HomePage" time="0"/>
  <testcase classname="com.shopcart.qa.testcases.TC_D_OrdersPageTest" name="validateStatuses" time="18.161"/>
  <testcase classname="com.shopcart.qa.testcases.TC_E_CustomerPageTest" name="ValidatContactsTest" time="7.123"/>
  <testcase classname="com.shopcart.qa.testcases.TC_B_HomePageTest" name="verifyDashbrdTest" time="15.338"/>
  <testcase classname="com.shopcart.qa.testcases.TC_D_OrdersPageTest" name="customerPage" time="0"/>
  <testcase classname="com.shopcart.qa.testcases.TC_D_OrdersPageTest" name="validateOrderMessages" time="27.632"/>
  <testcase classname="com.shopcart.qa.testcases.TC_B_HomePageTest" name="menuListSizeTest" time="7.803"/>
  <testcase classname="com.shopcart.qa.testcases.TC_E_CustomerPageTest" name="validatTittlesTest" time="7.544"/>
  <testcase classname="com.shopcart.qa.testcases.TC_B_HomePageTest" name="searchMenuTest" time="35.906">
    <failure message="javascript error: Failed to execute &apos;elementsFromPoint&apos; on &apos;Document&apos;: The provided double value is non-finite.
  (Session info: chrome=80.0.3987.132)
Build info: version: &apos;3.141.59&apos;, revision: &apos;e82be7d358&apos;, time: &apos;2018-11-14T08:17:03&apos;
System info: host: &apos;LAPTOP-5E3MODR9&apos;, ip: &apos;192.168.0.103&apos;, os.name: &apos;Windows 10&apos;, os.arch: &apos;amd64&apos;, os.version: &apos;10.0&apos;, java.version: &apos;1.8.0_152&apos;
Driver info: org.openqa.selenium.chrome.ChromeDriver
Capabilities {acceptInsecureCerts: false, browserName: chrome, browserVersion: 80.0.3987.132, chrome: {chromedriverVersion: 79.0.3945.36 (3582db32b3389..., userDataDir: C:\WINDOWS\TEMP\scoped_dir1...}, goog:chromeOptions: {debuggerAddress: localhost:59439}, javascriptEnabled: true, networkConnectionEnabled: false, pageLoadStrategy: normal, platform: WINDOWS, platformName: WINDOWS, proxy: Proxy(), setWindowRect: true, strictFileInteractability: false, timeouts: {implicit: 0, pageLoad: 300000, script: 30000}, unhandledPromptBehavior: dismiss and notify}
Session ID: 2b602132985eabb80fd95db7aa75890b" type="org.openqa.selenium.JavascriptException">org.openqa.selenium.JavascriptException: javascript error: Failed to execute &apos;elementsFromPoint&apos; on &apos;Document&apos;: The provided double value is non-finite.
  (Session info: chrome=80.0.3987.132)
Build info: version: &apos;3.141.59&apos;, revision: &apos;e82be7d358&apos;, time: &apos;2018-11-14T08:17:03&apos;
System info: host: &apos;LAPTOP-5E3MODR9&apos;, ip: &apos;192.168.0.103&apos;, os.name: &apos;Windows 10&apos;, os.arch: &apos;amd64&apos;, os.version: &apos;10.0&apos;, java.version: &apos;1.8.0_152&apos;
Driver info: org.openqa.selenium.chrome.ChromeDriver
Capabilities {acceptInsecureCerts: false, browserName: chrome, browserVersion: 80.0.3987.132, chrome: {chromedriverVersion: 79.0.3945.36 (3582db32b3389..., userDataDir: C:\WINDOWS\TEMP\scoped_dir1...}, goog:chromeOptions: {debuggerAddress: localhost:59439}, javascriptEnabled: true, networkConnectionEnabled: false, pageLoadStrategy: normal, platform: WINDOWS, platformName: WINDOWS, proxy: Proxy(), setWindowRect: true, strictFileInteractability: false, timeouts: {implicit: 0, pageLoad: 300000, script: 30000}, unhandledPromptBehavior: dismiss and notify}
Session ID: 2b602132985eabb80fd95db7aa75890b
	at sun.reflect.NativeConstructorAccessorImpl.newInstance0(Native Method)
	at sun.reflect.NativeConstructorAccessorImpl.newInstance(NativeConstructorAccessorImpl.java:62)
	at sun.reflect.DelegatingConstructorAccessorImpl.newInstance(DelegatingConstructorAccessorImpl.java:45)
	at java.lang.reflect.Constructor.newInstance(Constructor.java:423)
	at org.openqa.selenium.remote.http.W3CHttpResponseCodec.createException(W3CHttpResponseCodec.java:187)
	at org.openqa.selenium.remote.http.W3CHttpResponseCodec.decode(W3CHttpResponseCodec.java:122)
	at org.openqa.selenium.remote.http.W3CHttpResponseCodec.decode(W3CHttpResponseCodec.java:49)
	at org.openqa.selenium.remote.HttpCommandExecutor.execute(HttpCommandExecutor.java:158)
	at org.openqa.selenium.remote.service.DriverCommandExecutor.execute(DriverCommandExecutor.java:83)
	at org.openqa.selenium.remote.RemoteWebDriver.execute(RemoteWebDriver.java:552)
	at org.openqa.selenium.remote.RemoteWebDriver.perform(RemoteWebDriver.java:618)
	at org.openqa.selenium.interactions.Actions$BuiltAction.perform(Actions.java:639)
	at com.shopcart.qa.util.TestUtil.actions(TestUtil.java:21)
	at com.shopcart.qa.pages.HomePage.searchMenu(HomePage.java:102)
	at com.shopcart.qa.testcases.TC_B_HomePageTest.searchMenuTest(TC_B_HomePageTest.java:81)
</failure>
    <system-err>Starting ChromeDriver 79.0.3945.36 (3582db32b33893869b8c1339e8f4d9ed1816f143-refs/branch-heads/3945@{#614}) on port 38721
Only local connections are allowed.
Please protect ports used by ChromeDriver and related test frameworks to prevent access by malicious code.
[1583929304.957][WARNING]: This version of ChromeDriver has not been tested with Chrome version 80.
[1583929306.966][WARNING]: Timed out connecting to Chrome, retrying...
Mar 11, 2020 5:51:49 PM org.openqa.selenium.remote.ProtocolHandshake createSession
INFO: Detected dialect: W3C
[1583929316.054][WARNING]: Timed out connecting to Chrome, retrying...
</system-err>
  </testcase>
  <testcase classname="com.shopcart.qa.testcases.TC_B_HomePageTest" name="CatalogPageTest" time="0"/>
</testsuite>